0 verbose cli C:\Program Files\nodejs\node.exe C:\Program Files\nodejs\node_modules\npm\bin\npm-cli.js
1 info using npm@11.8.0
2 info using node@v24.13.1
3 silly config load:file:C:\Program Files\nodejs\node_modules\npm\npmrc
4 silly config load:file:D:\Dev\randazzo\.npmrc
5 silly config load:file:C:\Users\Lucas\.npmrc
6 silly config load:file:C:\Users\Lucas\AppData\Roaming\npm\etc\npmrc
7 verbose title npm exec tsx --env-file=.env scripts/reset-account.ts
8 verbose argv "exec" "--" "tsx" "--env-file=.env" "scripts/reset-account.ts"
9 verbose logfile logs-max:10 dir:D:\Dev\randazzo\npm-cache\_logs\2026-03-11T22_20_15_672Z-
10 verbose logfile D:\Dev\randazzo\npm-cache\_logs\2026-03-11T22_20_15_672Z-debug-0.log
11 silly logfile done cleaning log files
12 silly packumentCache heap:4496293888 maxSize:1124073472 maxEntrySize:562036736
13 http fetch GET 200 https://registry.npmjs.org/tsx 127ms (cache revalidated)
14 silly packumentCache heap:4496293888 maxSize:1124073472 maxEntrySize:562036736
15 silly packumentCache heap:4496293888 maxSize:1124073472 maxEntrySize:562036736
16 verbose cwd D:\Dev\randazzo
17 verbose os Windows_NT 10.0.19045
18 verbose node v24.13.1
19 verbose npm  v11.8.0
20 verbose exit 0
21 info ok
